Max Len FFT: 1073741824 Pow2=30
Prime=3221225473 k=   3 PRoot=   5 Bits=31.56 
Max Len FFT: 536870912 Pow2=29
Max Len FFT: 268435456 Pow2=28
Prime=3489660929 k=  13 PRoot=   3 Bits=31.68 
Max Len FFT: 134217728 Pow2=27
Prime=3892314113 k=  29 PRoot=   3 Bits=31.84 
Prime=2281701377 k=  17 PRoot=   3 Bits=31.07 
Prime=2013265921 k=  15 PRoot=  31 Bits=30.89 
Max Len FFT: 67108864 Pow2=26
Prime=2885681153 k=  43 PRoot=   3 Bits=31.41 
Prime=2483027969 k=  37 PRoot=   3 Bits=31.19 
Prime=1811939329 k=  27 PRoot=  13 Bits=30.73 
Prime= 469762049 k=   7 PRoot=   3 Bits=28.79 
Max Len FFT: 33554432 Pow2=25
Prime=4194304001 k= 125 PRoot=   3 Bits=31.95 
Prime=2717908993 k=  81 PRoot=   5 Bits=31.32 
Prime=2113929217 k=  63 PRoot=   5 Bits=30.96 
Prime=1711276033 k=  51 PRoot=  29 Bits=30.65 
Prime=1107296257 k=  33 PRoot=  31 Bits=30.02 
Prime= 167772161 k=   5 PRoot=   3 Bits=27.30 
Max Len FFT: 16777216 Pow2=24
Prime=4076863489 k= 243 PRoot=   7 Bits=31.90 
Prime=3942645761 k= 235 PRoot=   3 Bits=31.86 
Prime=3238002689 k= 193 PRoot=   3 Bits=31.57 
Prime=2868903937 k= 171 PRoot=  67 Bits=31.40 
Prime=2634022913 k= 157 PRoot=   3 Bits=31.27 
Prime=2533359617 k= 151 PRoot=   3 Bits=31.22 
Prime=2130706433 k= 127 PRoot=   3 Bits=30.97 
Prime=1224736769 k=  73 PRoot=   3 Bits=30.17 
Prime= 754974721 k=  45 PRoot=  11 Bits=29.47 
Max Len FFT: 8388608 Pow2=23
Prime=4253024257 k= 507 PRoot=   5 Bits=31.97 
Prime=3749707777 k= 447 PRoot=   5 Bits=31.78 
Prime=3665821697 k= 437 PRoot=   3 Bits=31.75 
Prime=3615490049 k= 431 PRoot=   3 Bits=31.73 
Prime=3414163457 k= 407 PRoot=   3 Bits=31.65 
Prime=3313500161 k= 395 PRoot=   7 Bits=31.61 
Prime=3112173569 k= 371 PRoot=   3 Bits=31.52 
Prime=2994733057 k= 357 PRoot=  11 Bits=31.46 
Prime=2910846977 k= 347 PRoot=   3 Bits=31.42 
Prime=2810183681 k= 335 PRoot=  11 Bits=31.37 
Prime=2558525441 k= 305 PRoot=   3 Bits=31.23 
Prime=2088763393 k= 249 PRoot=   5 Bits=30.94 
Prime=1484783617 k= 177 PRoot=   5 Bits=30.45 
Prime=1300234241 k= 155 PRoot=   3 Bits=30.26 
Prime= 998244353 k= 119 PRoot=   3 Bits=29.87 
Prime= 897581057 k= 107 PRoot=   3 Bits=29.72 
Prime= 880803841 k= 105 PRoot=  37 Bits=29.69 
Prime= 645922817 k=  77 PRoot=   3 Bits=29.25 
Prime= 595591169 k=  71 PRoot=   3 Bits=29.13 
Prime= 377487361 k=  45 PRoot=   7 Bits=28.47 
